 RMSD=    287.741211    

 FN11   H    2.4184000000000001E-002
 FN11   C    4.6302000000000003E-002
 XFAC_C H   0.21650600000000000     
 HSP    C   0.71732200000000002     
 XFAC_C C   0.81350999999999996     
 ALPB_C H    1.0278060000000000     
 GPP    C    10.778326000000000     
 USS    H   -11.246957999999999     
 GSP    C    11.528134000000000     
 ZS     H    1.2686409999999999     
 GSS    C    13.335519000000000     
 FN31   C    1.3339589999999999     
 GSS    H    14.448686000000000     
 BETAS  C   -15.385236000000001     
 ZP     C    1.7028410000000000     
 FN31   H    1.7860110000000000     
 ZS     C    2.0475580000000000     
 FN21   C    2.1002060000000000     
 XFAC_H H    2.2435870000000002     
 ALPB_C C    2.6137130389473588     
 FN21   H    3.0559530000000001     
 ALPB_H H    3.5409419999999998     
 UPP    C   -39.937919999999998     
 USS    C   -51.089652999999998     
 BETAP  C   -7.4719290000000003     
 BETAS  H   -8.3529839999999993     
 GP2    C    9.4862120000000001     

