4.173840943243383e+06
4.1738412199808666e+06
4.173840666505877e+06
4.173845838149002e+06
4.1738360483377827e+06
4.1738443852523314e+06
4.1738375012344494e+06
4.17384045452093e+06
4.1738414319647835e+06
4.1738424270904614e+06
4.1738394593963027e+06
4.1738400439272276e+06
4.173841842552079e+06
4.1738408372228392e+06
4.17384104926373e+06
4.1738410504035624e+06
4.173840836083274e+06
4.1738415566464197e+06
4.1738403298406578e+06
4.1738413663527123e+06
4.173840520129886e+06
4.173840996751265e+06
4.1738408897355036e+06
4.1738409642315847e+06
4.1738409222598993e+06
4.1738409569100616e+06
4.1738409295767173e+06
4.173841082952269e+06
4.173840803534508e+06
4.1738432890254594e+06
4.17383859746198e+06
4.173840944275855e+06
4.173840942210583e+06
4.173842201525811e+06
4.173839684961636e+06
4.1738409337533005e+06
4.173840952733441e+06
4.173840943244131e+06
4.1738409432426314e+06
4.1738393197407024e+06
4.1738425667327386e+06
4.173840940636171e+06
4.173840945850599e+06
4.173840943237105e+06
4.173840943249671e+06
4.1738414866513144e+06
4.173840399835511e+06
4.1738411637537973e+06
4.173840722733014e+06
4.17384121388294e+06
4.173840672603843e+06
4.1738410314936577e+06
4.173840854993129e+06
4.173841688322903e+06
4.1738401981641524e+06
1.0709070592622296e+06
1.0709070592622296e+06
1.0709051913335894e+06
1.070910299190444e+06
1.0709155375140905e+06
1.0708997690111094e+06
1.0709269880730985e+06
1.070909984628389e+06
1.0709095724637883e+06
1.0709072282840016e+06
1.0709126299446386e+06
1.0709053123571463e+06
1.0709045400548065e+06
1.0709299601644173e+06
1.070907860059272e+06
1.070914023343014e+06
1.0709153664732587e+06
1.0709145987831997e+06
1.070904849650047e+06
1.0709042074411905e+06
1.070913438773294e+06
1.0709123155325525e+06
1.0709033733582855e+06
1.070905951637052e+06
1.0709136660948505e+06
1.0709180528948223e+06
1.0709093562255958e+06
1.07090624244154e+06
1.070906043047283e+06
1.0709058635496187e+06
1.070909132714826e+06
1.0709170926029377e+06
1.0709113725357726e+06
1.0709024815862926e+06
1.0709136128494106e+06
1.070902303486561e+06
1.070910015006522e+06
1.070908360043155e+06
1.0709158723775663e+06
1.070912068472174e+06
1.0709123717360105e+06
1.0709174862726699e+06
1.0709199046535706e+06
1.07091225633482e+06
1.0709128644736775e+06
1.0709134473397713e+06
1.0709168100253798e+06
1.0708963841538846e+06
1.0709095518714539e+06
1.0709048184373386e+06
1.0709124136483986e+06
1.070904014657857e+06
1.0709131599711683e+06
1.0709086952614516e+06
1.070913282558297e+06
1.0709161225401314e+06
&{[-0.09255641944215087 2.426838540561528 0.7213595210455905 0.11877049047228527 0.42563839836053263 0.4109188026042937 10.803106554298187 -11.135751639461057 12.374878357287258 2.051987111130766 13.376431533990052 1.7365196969734995 14.450380141258025 -15.313924494503214 5.051809854635569 1.7511512989035103 3.5052301938218253 2.0799462007967935 2.243580863511595 2.6748154204384074 3.053001621015319 3.5409888744372315 -39.330136451221996 -50.77108749349181 -7.267196709001694 -8.287161863063137 10.130152673630917] IterationLimit}
<nil>
