29516813.217962
29516812.941224
29516813.494700
29516808.323056
29516818.112868
29516809.775953
29516816.659971
29516813.706685
29516812.729241
29516811.734115
29516814.701809
29516814.117278
29516812.318653
29516813.323983
29516813.111942
29516813.110802
29516813.325122
29516812.604559
29516813.831365
29516812.794853
29516813.641076
29516813.164454
29516813.271470
29516813.196974
29516813.238946
29516813.204295
29516813.231629
29516813.078253
29516813.357671
29516810.872180
29516815.563744
29516813.216930
29516813.218995
29516811.959680
29516814.476244
29516813.227452
29516813.208472
29516813.217961
29516813.217963
29516814.841465
29516811.594472
29516813.220569
29516813.215355
29516813.217968
29516813.217956
29516812.674554
29516813.761370
29516812.997452
29516813.438472
29516812.947322
29516813.488602
29516813.129712
29516813.306212
29516812.472883
29516813.963041
